// 重构日志: 92f3d85f
// 同步 ID: 6296366b @ Sun Jun 28 15:24:18 UTC 2026
// 同步 ID: 4a2f10ca @ Sun Jun 28 20:15:41 UTC 2026
// 同步 ID: ade27ee8 @ Tue Jun 30 16:52:34 UTC 2026
// 重构日志: 5122f0b1
// 重构日志: 4dddc896
// 同步 ID: 01e60fa0 @ Sun Jul  5 15:37:16 UTC 2026
// 重构日志: a52d7231
// 同步 ID: 58ddf2f7 @ Wed Jul  8 07:45:29 UTC 2026
// 同步 ID: 753d85a5 @ Sat Jul 11 06:29:10 UTC 2026
// 重构日志: 6c196c0c
// 重构日志: 89e61abc
// 重构日志: ec7951ef
// 同步 ID: bf2537ac @ Fri Jul 17 01:07:20 UTC 2026
// 同步 ID: af7f06ed @ Sat Jul 18 00:36:13 UTC 2026
// 同步 ID: 15f21c2c @ Sat Jul 18 06:38:36 UTC 2026
// 重构日志: a818922b
// 重构日志: eb2b1b5c
// 重构日志: 14e3e06a
// 同步 ID: 610a0e75 @ Mon Jul 20 05:31:24 UTC 2026
// 重构日志: fd2b35e3
// 同步 ID: d9592bd9 @ Mon Jul 20 14:07:22 UTC 2026
// 重构日志: 8ad50908
// 重构日志: 403fe28d
// 同步 ID: 299b2098 @ Tue Jul 21 13:09:13 UTC 2026
// 同步 ID: b00f9488 @ Wed Jul 22 01:50:49 UTC 2026
// 重构日志: 9d4841a0
// 同步 ID: dfed8861 @ Wed Jul 22 11:13:13 UTC 2026
